[INFO] Scanning for projects...
[INFO] 
[INFO] -----------------< com.skillforge:skillforge-backend >------------------
[INFO] Building SkillForge Backend 1.0.0
[INFO]   from pom.xml
[INFO] --------------------------------[ jar ]---------------------------------
[INFO] 
[INFO] --- clean:3.3.2:clean (default-clean) @ skillforge-backend ---
[INFO] Deleting C:\Desktop\SkillForge\skillforge-application\backend\target
[INFO] 
[INFO] --- resources:3.3.1:resources (default-resources) @ skillforge-backend ---
[INFO] Copying 1 resource from src\main\resources to target\classes
[INFO] Copying 0 resource from src\main\resources to target\classes
[INFO] 
[INFO] --- compiler:3.11.0:compile (default-compile) @ skillforge-backend ---
[INFO] Changes detected - recompiling the module! :source
[INFO] Compiling 35 source files with javac [debug release 17] to target\classes
[INFO] -------------------------------------------------------------
[WARNING] COMPILATION WARNING : 
[INFO] -------------------------------------------------------------
[WARNING] /C:/Desktop/SkillForge/skillforge-application/backend/src/main/java/com/skillforge/dto/AuthResponse.java:[15,20] @Builder will ignore the initializing expression entirely. If you want the initializing expression to serve as default, add @Builder.Default. If it is not supposed to be settable during building, make the field final.
[INFO] 1 warning
[INFO] -------------------------------------------------------------
[INFO] -------------------------------------------------------------
[ERROR] COMPILATION ERROR : 
[INFO] -------------------------------------------------------------
[ERROR] /C:/Desktop/SkillForge/skillforge-application/backend/src/main/java/com/skillforge/exception/GlobalExceptionHandler.java:[59,34] method error in class com.skillforge.dto.ApiResponse<T> cannot be applied to given types;
  required: java.lang.String
  found:    java.lang.String,java.util.Map<java.lang.String,java.lang.String>
  reason: cannot infer type-variable(s) T
    (actual and formal argument lists differ in length)
[INFO] 1 error
[INFO] -------------------------------------------------------------
[INFO] ------------------------------------------------------------------------
[INFO] BUILD FAILURE
[INFO] ------------------------------------------------------------------------
[INFO] Total time:  10.260 s
[INFO] Finished at: 2025-12-29T19:25:22+05:30
[INFO] ------------------------------------------------------------------------
[ERROR] Failed to execute goal org.apache.maven.plugins:maven-compiler-plugin:3.11.0:compile (default-compile) on project skillforge-backend: Compilation failure
[ERROR] /C:/Desktop/SkillForge/skillforge-application/backend/src/main/java/com/skillforge/exception/GlobalExceptionHandler.java:[59,34] method error in class com.skillforge.dto.ApiResponse<T> cannot be applied to given types;
[ERROR]   required: java.lang.String
[ERROR]   found:    java.lang.String,java.util.Map<java.lang.String,java.lang.String>
[ERROR]   reason: cannot infer type-variable(s) T
[ERROR]     (actual and formal argument lists differ in length)
[ERROR] 
[ERROR] -> [Help 1]
[ERROR] 
[ERROR] To see the full stack trace of the errors, re-run Maven with the -e switch.
[ERROR] Re-run Maven using the -X switch to enable full debug logging.
[ERROR] 
[ERROR] For more information about the errors and possible solutions, please read the following articles:
[ERROR] [Help 1] http://cwiki.apache.org/confluence/display/MAVEN/MojoFailureException
